CRITICAL - 2022-06-12 03:38:14 --> foreach() argument must be of type array|object, null given
#0 C:\xampp\htdocs\tubes\Toko Lotus Cake\app\Controllers\Shop.php(82): CodeIgniter\Debug\Exceptions->errorHandler(2, 'foreach() argum...', 'C:\\xampp\\htdocs...', 82)
#1 C:\xampp\htdocs\tubes\Toko Lotus Cake\system\CodeIgniter.php(832): App\Controllers\Shop->checkout()
#2 C:\xampp\htdocs\tubes\Toko Lotus Cake\system\CodeIgniter.php(419): CodeIgniter\CodeIgniter->runController(Object(App\Controllers\Shop))
#3 C:\xampp\htdocs\tubes\Toko Lotus Cake\system\CodeIgniter.php(326): CodeIgniter\CodeIgniter->handleRequest(NULL, Object(Config\Cache), false)
#4 C:\xampp\htdocs\tubes\Toko Lotus Cake\public\index.php(37): CodeIgniter\CodeIgniter->run()
#5 C:\xampp\htdocs\tubes\Toko Lotus Cake\system\Commands\Server\rewrite.php(43): require_once('C:\\xampp\\htdocs...')
#6 {main}
CRITICAL - 2022-06-12 11:01:41 --> Invalid file: admin/customers/view.php
#0 C:\xampp\htdocs\tubes\Toko Lotus Cake\system\View\View.php(198): CodeIgniter\Exceptions\FrameworkException::forInvalidFile('admin/customers...')
#1 C:\xampp\htdocs\tubes\Toko Lotus Cake\system\Common.php(1089): CodeIgniter\View\View->render('admin/customers...', Array, true)
#2 C:\xampp\htdocs\tubes\Toko Lotus Cake\app\Controllers\Admin_Customers.php(40): view('admin/customers...', Array)
#3 C:\xampp\htdocs\tubes\Toko Lotus Cake\system\CodeIgniter.php(832): App\Controllers\Admin_Customers->view('16')
#4 C:\xampp\htdocs\tubes\Toko Lotus Cake\system\CodeIgniter.php(419): CodeIgniter\CodeIgniter->runController(Object(App\Controllers\Admin_Customers))
#5 C:\xampp\htdocs\tubes\Toko Lotus Cake\system\CodeIgniter.php(326): CodeIgniter\CodeIgniter->handleRequest(NULL, Object(Config\Cache), false)
#6 C:\xampp\htdocs\tubes\Toko Lotus Cake\public\index.php(37): CodeIgniter\CodeIgniter->run()
#7 C:\xampp\htdocs\tubes\Toko Lotus Cake\system\Commands\Server\rewrite.php(43): require_once('C:\\xampp\\htdocs...')
#8 {main}
CRITICAL - 2022-06-12 11:01:47 --> Invalid file: admin/customers/view.php
#0 C:\xampp\htdocs\tubes\Toko Lotus Cake\system\View\View.php(198): CodeIgniter\Exceptions\FrameworkException::forInvalidFile('admin/customers...')
#1 C:\xampp\htdocs\tubes\Toko Lotus Cake\system\Common.php(1089): CodeIgniter\View\View->render('admin/customers...', Array, true)
#2 C:\xampp\htdocs\tubes\Toko Lotus Cake\app\Controllers\Admin_Customers.php(40): view('admin/customers...', Array)
#3 C:\xampp\htdocs\tubes\Toko Lotus Cake\system\CodeIgniter.php(832): App\Controllers\Admin_Customers->view('15')
#4 C:\xampp\htdocs\tubes\Toko Lotus Cake\system\CodeIgniter.php(419): CodeIgniter\CodeIgniter->runController(Object(App\Controllers\Admin_Customers))
#5 C:\xampp\htdocs\tubes\Toko Lotus Cake\system\CodeIgniter.php(326): CodeIgniter\CodeIgniter->handleRequest(NULL, Object(Config\Cache), false)
#6 C:\xampp\htdocs\tubes\Toko Lotus Cake\public\index.php(37): CodeIgniter\CodeIgniter->run()
#7 C:\xampp\htdocs\tubes\Toko Lotus Cake\system\Commands\Server\rewrite.php(43): require_once('C:\\xampp\\htdocs...')
#8 {main}
CRITICAL - 2022-06-12 11:04:54 --> Invalid file: admin/customers/view.php
#0 C:\xampp\htdocs\tubes\Toko Lotus Cake\system\View\View.php(198): CodeIgniter\Exceptions\FrameworkException::forInvalidFile('admin/customers...')
#1 C:\xampp\htdocs\tubes\Toko Lotus Cake\system\Common.php(1089): CodeIgniter\View\View->render('admin/customers...', Array, true)
#2 C:\xampp\htdocs\tubes\Toko Lotus Cake\app\Controllers\Admin_Customers.php(40): view('admin/customers...', Array)
#3 C:\xampp\htdocs\tubes\Toko Lotus Cake\system\CodeIgniter.php(832): App\Controllers\Admin_Customers->view('16')
#4 C:\xampp\htdocs\tubes\Toko Lotus Cake\system\CodeIgniter.php(419): CodeIgniter\CodeIgniter->runController(Object(App\Controllers\Admin_Customers))
#5 C:\xampp\htdocs\tubes\Toko Lotus Cake\system\CodeIgniter.php(326): CodeIgniter\CodeIgniter->handleRequest(NULL, Object(Config\Cache), false)
#6 C:\xampp\htdocs\tubes\Toko Lotus Cake\public\index.php(37): CodeIgniter\CodeIgniter->run()
#7 C:\xampp\htdocs\tubes\Toko Lotus Cake\system\Commands\Server\rewrite.php(43): require_once('C:\\xampp\\htdocs...')
#8 {main}
