CRITICAL - 2022-06-06 02:30:11 --> Invalid file: themes\lotuscake\template.php
#0 C:\xampp\htdocs\tubes\tokoku\system\View\View.php(198): CodeIgniter\Exceptions\FrameworkException::forInvalidFile('themes\\lotuscakeood...')
#1 C:\xampp\htdocs\tubes\tokoku\system\View\View.php(226): CodeIgniter\View\View->render('themes\\lotuscakeood...', Array, true)
#2 C:\xampp\htdocs\tubes\tokoku\system\Common.php(1089): CodeIgniter\View\View->render('themes\\lotuscak...', Array, true)
#3 C:\xampp\htdocs\tubes\tokoku\app\Controllers\Product.php(27): view('themes\\lotuscak...', Array)
#4 C:\xampp\htdocs\tubes\tokoku\system\CodeIgniter.php(832): App\Controllers\Product->index()
#5 C:\xampp\htdocs\tubes\tokoku\system\CodeIgniter.php(419): CodeIgniter\CodeIgniter->runController(Object(App\Controllers\Product))
#6 C:\xampp\htdocs\tubes\tokoku\system\CodeIgniter.php(326): CodeIgniter\CodeIgniter->handleRequest(NULL, Object(Config\Cache), false)
#7 C:\xampp\htdocs\tubes\tokoku\public\index.php(37): CodeIgniter\CodeIgniter->run()
#8 C:\xampp\htdocs\tubes\tokoku\system\Commands\Server\rewrite.php(43): require_once('C:\\xampp\\htdocs...')
#9 {main}
CRITICAL - 2022-06-06 02:31:05 --> Invalid file: themes\lotuscake\template.php
#0 C:\xampp\htdocs\tubes\tokoku\system\View\View.php(198): CodeIgniter\Exceptions\FrameworkException::forInvalidFile('themes\\lotuscak...')
#1 C:\xampp\htdocs\tubes\tokoku\system\View\View.php(226): CodeIgniter\View\View->render('themes\\lotuscak...', Array, true)
#2 C:\xampp\htdocs\tubes\tokoku\system\Common.php(1089): CodeIgniter\View\View->render('themes\\lotuscak...', Array, true)
#3 C:\xampp\htdocs\tubes\tokoku\app\Controllers\Product.php(27): view('themes\\lotuscak...', Array)
#4 C:\xampp\htdocs\tubes\tokoku\system\CodeIgniter.php(832): App\Controllers\Product->index()
#5 C:\xampp\htdocs\tubes\tokoku\system\CodeIgniter.php(419): CodeIgniter\CodeIgniter->runController(Object(App\Controllers\Product))
#6 C:\xampp\htdocs\tubes\tokoku\system\CodeIgniter.php(326): CodeIgniter\CodeIgniter->handleRequest(NULL, Object(Config\Cache), false)
#7 C:\xampp\htdocs\tubes\tokoku\public\index.php(37): CodeIgniter\CodeIgniter->run()
#8 C:\xampp\htdocs\tubes\tokoku\system\Commands\Server\rewrite.php(43): require_once('C:\\xampp\\htdocs...')
#9 {main}
CRITICAL - 2022-06-06 02:31:14 --> Invalid file: themes\lotuscake\template.php
#0 C:\xampp\htdocs\tubes\tokoku\system\View\View.php(198): CodeIgniter\Exceptions\FrameworkException::forInvalidFile('themes\\lotuscak...')
#1 C:\xampp\htdocs\tubes\tokoku\system\View\View.php(226): CodeIgniter\View\View->render('themes\\lotuscak...', Array, true)
#2 C:\xampp\htdocs\tubes\tokoku\system\Common.php(1089): CodeIgniter\View\View->render('themes\\lotuscak...', Array, true)
#3 C:\xampp\htdocs\tubes\tokoku\app\Controllers\Product.php(27): view('themes\\lotuscak...', Array)
#4 C:\xampp\htdocs\tubes\tokoku\system\CodeIgniter.php(832): App\Controllers\Product->index()
#5 C:\xampp\htdocs\tubes\tokoku\system\CodeIgniter.php(419): CodeIgniter\CodeIgniter->runController(Object(App\Controllers\Product))
#6 C:\xampp\htdocs\tubes\tokoku\system\CodeIgniter.php(326): CodeIgniter\CodeIgniter->handleRequest(NULL, Object(Config\Cache), false)
#7 C:\xampp\htdocs\tubes\tokoku\public\index.php(37): CodeIgniter\CodeIgniter->run()
#8 C:\xampp\htdocs\tubes\tokoku\system\Commands\Server\rewrite.php(43): require_once('C:\\xampp\\htdocs...')
#9 {main}
CRITICAL - 2022-06-06 02:35:40 --> Undefined variable $data
#0 C:\xampp\htdocs\tubes\tokoku\app\Views\admin\payments\view.php(117): CodeIgniter\Debug\Exceptions->errorHandler(2, 'Undefined varia...', 'C:\\xampp\\htdocs...', 117)
#1 C:\xampp\htdocs\tubes\tokoku\system\View\View.php(210): include('C:\\xampp\\htdocs...')
#2 C:\xampp\htdocs\tubes\tokoku\system\View\View.php(213): CodeIgniter\View\View->CodeIgniter\View\{closure}()
#3 C:\xampp\htdocs\tubes\tokoku\system\Common.php(1089): CodeIgniter\View\View->render('admin/payments/...', Array, true)
#4 C:\xampp\htdocs\tubes\tokoku\app\Controllers\Admin_Payments.php(53): view('admin/payments/...', Array)
#5 C:\xampp\htdocs\tubes\tokoku\system\CodeIgniter.php(832): App\Controllers\Admin_Payments->view('10')
#6 C:\xampp\htdocs\tubes\tokoku\system\CodeIgniter.php(419): CodeIgniter\CodeIgniter->runController(Object(App\Controllers\Admin_Payments))
#7 C:\xampp\htdocs\tubes\tokoku\system\CodeIgniter.php(326): CodeIgniter\CodeIgniter->handleRequest(NULL, Object(Config\Cache), false)
#8 C:\xampp\htdocs\tubes\tokoku\public\index.php(37): CodeIgniter\CodeIgniter->run()
#9 C:\xampp\htdocs\tubes\tokoku\system\Commands\Server\rewrite.php(43): require_once('C:\\xampp\\htdocs...')
#10 {main}
CRITICAL - 2022-06-06 02:36:59 --> Undefined variable $data
#0 C:\xampp\htdocs\tubes\tokoku\app\Views\admin\payments\view.php(117): CodeIgniter\Debug\Exceptions->errorHandler(2, 'Undefined varia...', 'C:\\xampp\\htdocs...', 117)
#1 C:\xampp\htdocs\tubes\tokoku\system\View\View.php(210): include('C:\\xampp\\htdocs...')
#2 C:\xampp\htdocs\tubes\tokoku\system\View\View.php(213): CodeIgniter\View\View->CodeIgniter\View\{closure}()
#3 C:\xampp\htdocs\tubes\tokoku\system\Common.php(1089): CodeIgniter\View\View->render('admin/payments/...', Array, true)
#4 C:\xampp\htdocs\tubes\tokoku\app\Controllers\Admin_Payments.php(53): view('admin/payments/...', Array)
#5 C:\xampp\htdocs\tubes\tokoku\system\CodeIgniter.php(832): App\Controllers\Admin_Payments->view('10')
#6 C:\xampp\htdocs\tubes\tokoku\system\CodeIgniter.php(419): CodeIgniter\CodeIgniter->runController(Object(App\Controllers\Admin_Payments))
#7 C:\xampp\htdocs\tubes\tokoku\system\CodeIgniter.php(326): CodeIgniter\CodeIgniter->handleRequest(NULL, Object(Config\Cache), false)
#8 C:\xampp\htdocs\tubes\tokoku\public\index.php(37): CodeIgniter\CodeIgniter->run()
#9 C:\xampp\htdocs\tubes\tokoku\system\Commands\Server\rewrite.php(43): require_once('C:\\xampp\\htdocs...')
#10 {main}
CRITICAL - 2022-06-06 03:50:34 --> Attempt to read property "name" on null
#0 C:\xampp\htdocs\tubes\tokoku\app\Controllers\Admin_Products.php(133): CodeIgniter\Debug\Exceptions->errorHandler(2, 'Attempt to read...', 'C:\\xampp\\htdocs...', 133)
#1 C:\xampp\htdocs\tubes\tokoku\system\CodeIgniter.php(832): App\Controllers\Admin_Products->add_product()
#2 C:\xampp\htdocs\tubes\tokoku\system\CodeIgniter.php(419): CodeIgniter\CodeIgniter->runController(Object(App\Controllers\Admin_Products))
#3 C:\xampp\htdocs\tubes\tokoku\system\CodeIgniter.php(326): CodeIgniter\CodeIgniter->handleRequest(NULL, Object(Config\Cache), false)
#4 C:\xampp\htdocs\tubes\tokoku\public\index.php(37): CodeIgniter\CodeIgniter->run()
#5 C:\xampp\htdocs\tubes\tokoku\system\Commands\Server\rewrite.php(43): require_once('C:\\xampp\\htdocs...')
#6 {main}
CRITICAL - 2022-06-06 07:05:01 --> unlink(./assets/uploads/products/): Is a directory
#0 [internal function]: CodeIgniter\Debug\Exceptions->errorHandler(2, 'unlink(./assets...', 'C:\\xampp\\htdocs...', 298)
#1 C:\xampp\htdocs\tubes\tokoku\app\Controllers\Admin_Products.php(298): unlink('./assets/upload...')
#2 C:\xampp\htdocs\tubes\tokoku\system\CodeIgniter.php(832): App\Controllers\Admin_Products->product_api()
#3 C:\xampp\htdocs\tubes\tokoku\system\CodeIgniter.php(419): CodeIgniter\CodeIgniter->runController(Object(App\Controllers\Admin_Products))
#4 C:\xampp\htdocs\tubes\tokoku\system\CodeIgniter.php(326): CodeIgniter\CodeIgniter->handleRequest(NULL, Object(Config\Cache), false)
#5 C:\xampp\htdocs\tubes\tokoku\public\index.php(37): CodeIgniter\CodeIgniter->run()
#6 C:\xampp\htdocs\tubes\tokoku\system\Commands\Server\rewrite.php(43): require_once('C:\\xampp\\htdocs...')
#7 {main}
CRITICAL - 2022-06-06 07:40:27 --> foreach() argument must be of type array|object, null given
#0 C:\xampp\htdocs\tubes\tokoku\app\Controllers\Shop.php(82): CodeIgniter\Debug\Exceptions->errorHandler(2, 'foreach() argum...', 'C:\\xampp\\htdocs...', 82)
#1 C:\xampp\htdocs\tubes\tokoku\system\CodeIgniter.php(832): App\Controllers\Shop->checkout()
#2 C:\xampp\htdocs\tubes\tokoku\system\CodeIgniter.php(419): CodeIgniter\CodeIgniter->runController(Object(App\Controllers\Shop))
#3 C:\xampp\htdocs\tubes\tokoku\system\CodeIgniter.php(326): CodeIgniter\CodeIgniter->handleRequest(NULL, Object(Config\Cache), false)
#4 C:\xampp\htdocs\tubes\tokoku\public\index.php(37): CodeIgniter\CodeIgniter->run()
#5 C:\xampp\htdocs\tubes\tokoku\system\Commands\Server\rewrite.php(43): require_once('C:\\xampp\\htdocs...')
#6 {main}
