CRITICAL - 2022-05-22 01:38:11 --> Call to undefined method CodeIgniter\Session\Session::flashdata()
#0 C:\xampp\htdocs\tubes\tokoku\system\CodeIgniter.php(832): App\Controllers\Admin_Products->edit('1')
#1 C:\xampp\htdocs\tubes\tokoku\system\CodeIgniter.php(419): CodeIgniter\CodeIgniter->runController(Object(App\Controllers\Admin_Products))
#2 C:\xampp\htdocs\tubes\tokoku\system\CodeIgniter.php(326): CodeIgniter\CodeIgniter->handleRequest(NULL, Object(Config\Cache), false)
#3 C:\xampp\htdocs\tubes\tokoku\public\index.php(37): CodeIgniter\CodeIgniter->run()
#4 C:\xampp\htdocs\tubes\tokoku\system\Commands\Server\rewrite.php(43): require_once('C:\\xampp\\htdocs...')
#5 {main}
CRITICAL - 2022-05-22 01:55:48 --> Call to undefined method CodeIgniter\Session\Session::flashdata()
#0 C:\xampp\htdocs\tubes\tokoku\system\CodeIgniter.php(832): App\Controllers\Admin_Products->add_new_product()
#1 C:\xampp\htdocs\tubes\tokoku\system\CodeIgniter.php(419): CodeIgniter\CodeIgniter->runController(Object(App\Controllers\Admin_Products))
#2 C:\xampp\htdocs\tubes\tokoku\system\CodeIgniter.php(326): CodeIgniter\CodeIgniter->handleRequest(NULL, Object(Config\Cache), false)
#3 C:\xampp\htdocs\tubes\tokoku\public\index.php(37): CodeIgniter\CodeIgniter->run()
#4 C:\xampp\htdocs\tubes\tokoku\system\Commands\Server\rewrite.php(43): require_once('C:\\xampp\\htdocs...')
#5 {main}
CRITICAL - 2022-05-22 05:27:16 --> Call to undefined method CodeIgniter\View\View::sevattion()
#0 C:\xampp\htdocs\tubes\tokoku\system\View\View.php(210): include()
#1 C:\xampp\htdocs\tubes\tokoku\system\View\View.php(213): CodeIgniter\View\View->CodeIgniter\View\{closure}()
#2 C:\xampp\htdocs\tubes\tokoku\system\Common.php(1089): CodeIgniter\View\View->render('themes\\lotuscakeod...', Array, true)
#3 C:\xampp\htdocs\tubes\tokoku\app\Controllers\Home.php(34): view('themes\\lotuscakeod...', Array)
#4 C:\xampp\htdocs\tubes\tokoku\system\CodeIgniter.php(832): App\Controllers\Home->index()
#5 C:\xampp\htdocs\tubes\tokoku\system\CodeIgniter.php(419): CodeIgniter\CodeIgniter->runController(Object(App\Controllers\Home))
#6 C:\xampp\htdocs\tubes\tokoku\system\CodeIgniter.php(326): CodeIgniter\CodeIgniter->handleRequest(NULL, Object(Config\Cache), false)
#7 C:\xampp\htdocs\tubes\tokoku\public\index.php(37): CodeIgniter\CodeIgniter->run()
#8 C:\xampp\htdocs\tubes\tokoku\system\Commands\Server\rewrite.php(43): require_once('C:\\xampp\\htdocs...')
#9 {main}
CRITICAL - 2022-05-22 05:27:24 --> Call to undefined method CodeIgniter\View\View::sevattion()
#0 C:\xampp\htdocs\tubes\tokoku\system\View\View.php(210): include()
#1 C:\xampp\htdocs\tubes\tokoku\system\View\View.php(213): CodeIgniter\View\View->CodeIgniter\View\{closure}()
#2 C:\xampp\htdocs\tubes\tokoku\system\Common.php(1089): CodeIgniter\View\View->render('themes\\lotuscakeod...', Array, true)
#3 C:\xampp\htdocs\tubes\tokoku\app\Controllers\Home.php(34): view('themes\\lotuscakeod...', Array)
#4 C:\xampp\htdocs\tubes\tokoku\system\CodeIgniter.php(832): App\Controllers\Home->index()
#5 C:\xampp\htdocs\tubes\tokoku\system\CodeIgniter.php(419): CodeIgniter\CodeIgniter->runController(Object(App\Controllers\Home))
#6 C:\xampp\htdocs\tubes\tokoku\system\CodeIgniter.php(326): CodeIgniter\CodeIgniter->handleRequest(NULL, Object(Config\Cache), false)
#7 C:\xampp\htdocs\tubes\tokoku\public\index.php(37): CodeIgniter\CodeIgniter->run()
#8 C:\xampp\htdocs\tubes\tokoku\system\Commands\Server\rewrite.php(43): require_once('C:\\xampp\\htdocs...')
#9 {main}
CRITICAL - 2022-05-22 05:27:50 --> Call to undefined method CodeIgniter\View\View::sevattion()
#0 C:\xampp\htdocs\tubes\tokoku\system\View\View.php(210): include()
#1 C:\xampp\htdocs\tubes\tokoku\system\View\View.php(213): CodeIgniter\View\View->CodeIgniter\View\{closure}()
#2 C:\xampp\htdocs\tubes\tokoku\system\Common.php(1089): CodeIgniter\View\View->render('themes\\lotuscakeod...', Array, true)
#3 C:\xampp\htdocs\tubes\tokoku\app\Controllers\Home.php(34): view('themes\\lotuscakeod...', Array)
#4 C:\xampp\htdocs\tubes\tokoku\system\CodeIgniter.php(832): App\Controllers\Home->index()
#5 C:\xampp\htdocs\tubes\tokoku\system\CodeIgniter.php(419): CodeIgniter\CodeIgniter->runController(Object(App\Controllers\Home))
#6 C:\xampp\htdocs\tubes\tokoku\system\CodeIgniter.php(326): CodeIgniter\CodeIgniter->handleRequest(NULL, Object(Config\Cache), false)
#7 C:\xampp\htdocs\tubes\tokoku\public\index.php(37): CodeIgniter\CodeIgniter->run()
#8 C:\xampp\htdocs\tubes\tokoku\system\Commands\Server\rewrite.php(43): require_once('C:\\xampp\\htdocs...')
#9 {main}
CRITICAL - 2022-05-22 22:12:59 --> Call to undefined method CodeIgniter\Session\Session::flashdata()
#0 C:\xampp\htdocs\tubes\tokoku\system\CodeIgniter.php(832): App\Controllers\Admin_Products->add_new_product()
#1 C:\xampp\htdocs\tubes\tokoku\system\CodeIgniter.php(419): CodeIgniter\CodeIgniter->runController(Object(App\Controllers\Admin_Products))
#2 C:\xampp\htdocs\tubes\tokoku\system\CodeIgniter.php(326): CodeIgniter\CodeIgniter->handleRequest(NULL, Object(Config\Cache), false)
#3 C:\xampp\htdocs\tubes\tokoku\public\index.php(37): CodeIgniter\CodeIgniter->run()
#4 C:\xampp\htdocs\tubes\tokoku\system\Commands\Server\rewrite.php(43): require_once('C:\\xampp\\htdocs...')
#5 {main}
CRITICAL - 2022-05-22 22:13:25 --> Undefined property: App\Controllers\Admin_Products::$load
#0 C:\xampp\htdocs\tubes\tokoku\app\Controllers\Admin_Products.php(351): CodeIgniter\Debug\Exceptions->errorHandler(2, 'Undefined prope...', 'C:\\xampp\\htdocs...', 351)
#1 C:\xampp\htdocs\tubes\tokoku\system\CodeIgniter.php(832): App\Controllers\Admin_Products->coupons()
#2 C:\xampp\htdocs\tubes\tokoku\system\CodeIgniter.php(419): CodeIgniter\CodeIgniter->runController(Object(App\Controllers\Admin_Products))
#3 C:\xampp\htdocs\tubes\tokoku\system\CodeIgniter.php(326): CodeIgniter\CodeIgniter->handleRequest(NULL, Object(Config\Cache), false)
#4 C:\xampp\htdocs\tubes\tokoku\public\index.php(37): CodeIgniter\CodeIgniter->run()
#5 C:\xampp\htdocs\tubes\tokoku\system\Commands\Server\rewrite.php(43): require_once('C:\\xampp\\htdocs...')
#6 {main}
