CRITICAL - 2022-06-05 00:33:44 --> Attempt to read property "profile_picture" on null
#0 C:\xampp\htdocs\tubes\tokoku\app\Helpers\global_helper.php(94): CodeIgniter\Debug\Exceptions->errorHandler(2, 'Attempt to read...', 'C:\\xampp\\htdocs...', 94)
#1 C:\xampp\htdocs\tubes\tokoku\app\Views\admin\header.php(162): get_admin_image()
#2 C:\xampp\htdocs\tubes\tokoku\system\View\View.php(210): include('C:\\xampp\\htdocs...')
#3 C:\xampp\htdocs\tubes\tokoku\system\View\View.php(213): CodeIgniter\View\View->CodeIgniter\View\{closure}()
#4 C:\xampp\htdocs\tubes\tokoku\system\View\View.php(226): CodeIgniter\View\View->render('admin\\header', Array, true)
#5 C:\xampp\htdocs\tubes\tokoku\system\Common.php(1089): CodeIgniter\View\View->render('admin\\overview', Array, true)
#6 C:\xampp\htdocs\tubes\tokoku\app\Controllers\Admin.php(38): view('admin\\overview', Array)
#7 C:\xampp\htdocs\tubes\tokoku\system\CodeIgniter.php(832): App\Controllers\Admin->index()
#8 C:\xampp\htdocs\tubes\tokoku\system\CodeIgniter.php(419): CodeIgniter\CodeIgniter->runController(Object(App\Controllers\Admin))
#9 C:\xampp\htdocs\tubes\tokoku\system\CodeIgniter.php(326): CodeIgniter\CodeIgniter->handleRequest(NULL, Object(Config\Cache), false)
#10 C:\xampp\htdocs\tubes\tokoku\public\index.php(37): CodeIgniter\CodeIgniter->run()
#11 C:\xampp\htdocs\tubes\tokoku\system\Commands\Server\rewrite.php(43): require_once('C:\\xampp\\htdocs...')
#12 {main}
CRITICAL - 2022-06-05 01:19:24 --> number_format(): Passing null to parameter #1 ($num) of type float is deprecated
#0 [internal function]: CodeIgniter\Debug\Exceptions->errorHandler(8192, 'number_format()...', 'C:\\xampp\\htdocs...', 29)
#1 C:\xampp\htdocs\tubes\tokoku\app\Helpers\global_helper.php(29): number_format(NULL, 2, ',', '.')
#2 C:\xampp\htdocs\tubes\tokoku\app\Views\admin\orders\orders.php(63): format_rupiah(NULL)
#3 C:\xampp\htdocs\tubes\tokoku\system\View\View.php(210): include('C:\\xampp\\htdocs...')
#4 C:\xampp\htdocs\tubes\tokoku\system\View\View.php(213): CodeIgniter\View\View->CodeIgniter\View\{closure}()
#5 C:\xampp\htdocs\tubes\tokoku\system\Common.php(1089): CodeIgniter\View\View->render('admin/orders/or...', Array, true)
#6 C:\xampp\htdocs\tubes\tokoku\app\Controllers\Admin_Orders.php(31): view('admin/orders/or...', Array)
#7 C:\xampp\htdocs\tubes\tokoku\system\CodeIgniter.php(832): App\Controllers\Admin_Orders->index()
#8 C:\xampp\htdocs\tubes\tokoku\system\CodeIgniter.php(419): CodeIgniter\CodeIgniter->runController(Object(App\Controllers\Admin_Orders))
#9 C:\xampp\htdocs\tubes\tokoku\system\CodeIgniter.php(326): CodeIgniter\CodeIgniter->handleRequest(NULL, Object(Config\Cache), false)
#10 C:\xampp\htdocs\tubes\tokoku\public\index.php(37): CodeIgniter\CodeIgniter->run()
#11 C:\xampp\htdocs\tubes\tokoku\system\Commands\Server\rewrite.php(43): require_once('C:\\xampp\\htdocs...')
#12 {main}
CRITICAL - 2022-06-05 03:14:10 --> Invalid file: themes\lotuscake\pages\product.php
#0 C:\xampp\htdocs\tubes\tokoku\system\View\View.php(198): CodeIgniter\Exceptions\FrameworkException::forInvalidFile('themes\\lotuscakeood...')
#1 C:\xampp\htdocs\tubes\tokoku\system\Common.php(1089): CodeIgniter\View\View->render('themes\\lotuscakeood...', Array, true)
#2 C:\xampp\htdocs\tubes\tokoku\app\Controllers\Product.php(27): view('themes\\lotuscakeood...', Array)
#3 C:\xampp\htdocs\tubes\tokoku\system\CodeIgniter.php(832): App\Controllers\Product->index()
#4 C:\xampp\htdocs\tubes\tokoku\system\CodeIgniter.php(419): CodeIgniter\CodeIgniter->runController(Object(App\Controllers\Product))
#5 C:\xampp\htdocs\tubes\tokoku\system\CodeIgniter.php(326): CodeIgniter\CodeIgniter->handleRequest(NULL, Object(Config\Cache), false)
#6 C:\xampp\htdocs\tubes\tokoku\public\index.php(37): CodeIgniter\CodeIgniter->run()
#7 C:\xampp\htdocs\tubes\tokoku\system\Commands\Server\rewrite.php(43): require_once('C:\\xampp\\htdocs...')
#8 {main}
CRITICAL - 2022-06-05 03:14:40 --> Invalid file: themes\lotuscake\template.php
#0 C:\xampp\htdocs\tubes\tokoku\system\View\View.php(198): CodeIgniter\Exceptions\FrameworkException::forInvalidFile('themes\\lotuscak...')
#1 C:\xampp\htdocs\tubes\tokoku\system\View\View.php(226): CodeIgniter\View\View->render('themes\\lotuscak...', Array, true)
#2 C:\xampp\htdocs\tubes\tokoku\system\Common.php(1089): CodeIgniter\View\View->render('customers/profi...', Array, true)
#3 C:\xampp\htdocs\tubes\tokoku\app\Controllers\Customer_Profile.php(29): view('customers/profi...', Array)
#4 C:\xampp\htdocs\tubes\tokoku\system\CodeIgniter.php(832): App\Controllers\Customer_Profile->index()
#5 C:\xampp\htdocs\tubes\tokoku\system\CodeIgniter.php(419): CodeIgniter\CodeIgniter->runController(Object(App\Controllers\Customer_Profile))
#6 C:\xampp\htdocs\tubes\tokoku\system\CodeIgniter.php(326): CodeIgniter\CodeIgniter->handleRequest(NULL, Object(Config\Cache), false)
#7 C:\xampp\htdocs\tubes\tokoku\public\index.php(37): CodeIgniter\CodeIgniter->run()
#8 C:\xampp\htdocs\tubes\tokoku\system\Commands\Server\rewrite.php(43): require_once('C:\\xampp\\htdocs...')
#9 {main}
CRITICAL - 2022-06-05 03:18:18 --> Invalid file: themes\lotuscake\pages\product.php
#0 C:\xampp\htdocs\tubes\tokoku\system\View\View.php(198): CodeIgniter\Exceptions\FrameworkException::forInvalidFile('themes\\lotuscakeood...')
#1 C:\xampp\htdocs\tubes\tokoku\system\Common.php(1089): CodeIgniter\View\View->render('themes\\lotuscakeood...', Array, true)
#2 C:\xampp\htdocs\tubes\tokoku\app\Controllers\Product.php(27): view('themes\\lotuscakeood...', Array)
#3 C:\xampp\htdocs\tubes\tokoku\system\CodeIgniter.php(832): App\Controllers\Product->index()
#4 C:\xampp\htdocs\tubes\tokoku\system\CodeIgniter.php(419): CodeIgniter\CodeIgniter->runController(Object(App\Controllers\Product))
#5 C:\xampp\htdocs\tubes\tokoku\system\CodeIgniter.php(326): CodeIgniter\CodeIgniter->handleRequest(NULL, Object(Config\Cache), false)
#6 C:\xampp\htdocs\tubes\tokoku\public\index.php(37): CodeIgniter\CodeIgniter->run()
#7 C:\xampp\htdocs\tubes\tokoku\system\Commands\Server\rewrite.php(43): require_once('C:\\xampp\\htdocs...')
#8 {main}
CRITICAL - 2022-06-05 03:18:24 --> Invalid file: themes\lotuscake\pages\product.php
#0 C:\xampp\htdocs\tubes\tokoku\system\View\View.php(198): CodeIgniter\Exceptions\FrameworkException::forInvalidFile('themes\\lotuscakeood...')
#1 C:\xampp\htdocs\tubes\tokoku\system\Common.php(1089): CodeIgniter\View\View->render('themes\\lotuscakeood...', Array, true)
#2 C:\xampp\htdocs\tubes\tokoku\app\Controllers\Product.php(27): view('themes\\lotuscakeood...', Array)
#3 C:\xampp\htdocs\tubes\tokoku\system\CodeIgniter.php(832): App\Controllers\Product->index()
#4 C:\xampp\htdocs\tubes\tokoku\system\CodeIgniter.php(419): CodeIgniter\CodeIgniter->runController(Object(App\Controllers\Product))
#5 C:\xampp\htdocs\tubes\tokoku\system\CodeIgniter.php(326): CodeIgniter\CodeIgniter->handleRequest(NULL, Object(Config\Cache), false)
#6 C:\xampp\htdocs\tubes\tokoku\public\index.php(37): CodeIgniter\CodeIgniter->run()
#7 C:\xampp\htdocs\tubes\tokoku\system\Commands\Server\rewrite.php(43): require_once('C:\\xampp\\htdocs...')
#8 {main}
CRITICAL - 2022-06-05 03:18:54 --> Invalid file: themes\lotuscake\pages\product.php
#0 C:\xampp\htdocs\tubes\tokoku\system\View\View.php(198): CodeIgniter\Exceptions\FrameworkException::forInvalidFile('themes\\lotuscak...')
#1 C:\xampp\htdocs\tubes\tokoku\system\Common.php(1089): CodeIgniter\View\View->render('themes\\lotuscak...', Array, true)
#2 C:\xampp\htdocs\tubes\tokoku\app\Controllers\Product.php(27): view('themes\\lotuscak...', Array)
#3 C:\xampp\htdocs\tubes\tokoku\system\CodeIgniter.php(832): App\Controllers\Product->index()
#4 C:\xampp\htdocs\tubes\tokoku\system\CodeIgniter.php(419): CodeIgniter\CodeIgniter->runController(Object(App\Controllers\Product))
#5 C:\xampp\htdocs\tubes\tokoku\system\CodeIgniter.php(326): CodeIgniter\CodeIgniter->handleRequest(NULL, Object(Config\Cache), false)
#6 C:\xampp\htdocs\tubes\tokoku\public\index.php(37): CodeIgniter\CodeIgniter->run()
#7 C:\xampp\htdocs\tubes\tokoku\system\Commands\Server\rewrite.php(43): require_once('C:\\xampp\\htdocs...')
#8 {main}
CRITICAL - 2022-06-05 03:19:15 --> Invalid file: themes\lotuscake\pages\product.php
#0 C:\xampp\htdocs\tubes\tokoku\system\View\View.php(198): CodeIgniter\Exceptions\FrameworkException::forInvalidFile('themes\\lotuscak...')
#1 C:\xampp\htdocs\tubes\tokoku\system\Common.php(1089): CodeIgniter\View\View->render('themes\\lotuscak...', Array, true)
#2 C:\xampp\htdocs\tubes\tokoku\app\Controllers\Product.php(27): view('themes\\lotuscak...', Array)
#3 C:\xampp\htdocs\tubes\tokoku\system\CodeIgniter.php(832): App\Controllers\Product->index()
#4 C:\xampp\htdocs\tubes\tokoku\system\CodeIgniter.php(419): CodeIgniter\CodeIgniter->runController(Object(App\Controllers\Product))
#5 C:\xampp\htdocs\tubes\tokoku\system\CodeIgniter.php(326): CodeIgniter\CodeIgniter->handleRequest(NULL, Object(Config\Cache), false)
#6 C:\xampp\htdocs\tubes\tokoku\public\index.php(37): CodeIgniter\CodeIgniter->run()
#7 C:\xampp\htdocs\tubes\tokoku\system\Commands\Server\rewrite.php(43): require_once('C:\\xampp\\htdocs...')
#8 {main}
CRITICAL - 2022-06-05 03:19:27 --> Invalid file: themes\lotuscake\pages\product.php
#0 C:\xampp\htdocs\tubes\tokoku\system\View\View.php(198): CodeIgniter\Exceptions\FrameworkException::forInvalidFile('themes\\lotuscak...')
#1 C:\xampp\htdocs\tubes\tokoku\system\Common.php(1089): CodeIgniter\View\View->render('themes\\lotuscak...', Array, true)
#2 C:\xampp\htdocs\tubes\tokoku\app\Controllers\Product.php(27): view('themes\\lotuscak...', Array)
#3 C:\xampp\htdocs\tubes\tokoku\system\CodeIgniter.php(832): App\Controllers\Product->index()
#4 C:\xampp\htdocs\tubes\tokoku\system\CodeIgniter.php(419): CodeIgniter\CodeIgniter->runController(Object(App\Controllers\Product))
#5 C:\xampp\htdocs\tubes\tokoku\system\CodeIgniter.php(326): CodeIgniter\CodeIgniter->handleRequest(NULL, Object(Config\Cache), false)
#6 C:\xampp\htdocs\tubes\tokoku\public\index.php(37): CodeIgniter\CodeIgniter->run()
#7 C:\xampp\htdocs\tubes\tokoku\system\Commands\Server\rewrite.php(43): require_once('C:\\xampp\\htdocs...')
#8 {main}
CRITICAL - 2022-06-05 03:20:02 --> Invalid file: themes\lotuscake\pages\product.php
#0 C:\xampp\htdocs\tubes\tokoku\system\View\View.php(198): CodeIgniter\Exceptions\FrameworkException::forInvalidFile('themes\\lotuscak...')
#1 C:\xampp\htdocs\tubes\tokoku\system\Common.php(1089): CodeIgniter\View\View->render('themes\\lotuscak...', Array, true)
#2 C:\xampp\htdocs\tubes\tokoku\app\Controllers\Product.php(27): view('themes\\lotuscak...', Array)
#3 C:\xampp\htdocs\tubes\tokoku\system\CodeIgniter.php(832): App\Controllers\Product->index()
#4 C:\xampp\htdocs\tubes\tokoku\system\CodeIgniter.php(419): CodeIgniter\CodeIgniter->runController(Object(App\Controllers\Product))
#5 C:\xampp\htdocs\tubes\tokoku\system\CodeIgniter.php(326): CodeIgniter\CodeIgniter->handleRequest(NULL, Object(Config\Cache), false)
#6 C:\xampp\htdocs\tubes\tokoku\public\index.php(37): CodeIgniter\CodeIgniter->run()
#7 C:\xampp\htdocs\tubes\tokoku\system\Commands\Server\rewrite.php(43): require_once('C:\\xampp\\htdocs...')
#8 {main}
CRITICAL - 2022-06-05 03:59:08 --> Invalid file: themes\lotuscake\template.php
#0 C:\xampp\htdocs\tubes\tokoku\system\View\View.php(198): CodeIgniter\Exceptions\FrameworkException::forInvalidFile('themes\\lotuscak...')
#1 C:\xampp\htdocs\tubes\tokoku\system\View\View.php(226): CodeIgniter\View\View->render('themes\\lotuscak...', Array, true)
#2 C:\xampp\htdocs\tubes\tokoku\system\Common.php(1089): CodeIgniter\View\View->render('customers/profi...', Array, true)
#3 C:\xampp\htdocs\tubes\tokoku\app\Controllers\Customer_Profile.php(29): view('customers/profi...', Array)
#4 C:\xampp\htdocs\tubes\tokoku\system\CodeIgniter.php(832): App\Controllers\Customer_Profile->index()
#5 C:\xampp\htdocs\tubes\tokoku\system\CodeIgniter.php(419): CodeIgniter\CodeIgniter->runController(Object(App\Controllers\Customer_Profile))
#6 C:\xampp\htdocs\tubes\tokoku\system\CodeIgniter.php(326): CodeIgniter\CodeIgniter->handleRequest(NULL, Object(Config\Cache), false)
#7 C:\xampp\htdocs\tubes\tokoku\public\index.php(37): CodeIgniter\CodeIgniter->run()
#8 C:\xampp\htdocs\tubes\tokoku\system\Commands\Server\rewrite.php(43): require_once('C:\\xampp\\htdocs...')
#9 {main}
CRITICAL - 2022-06-05 04:02:09 --> Invalid file: themes\lotuscake\template.php
#0 C:\xampp\htdocs\tubes\tokoku\system\View\View.php(198): CodeIgniter\Exceptions\FrameworkException::forInvalidFile('themes\\lotuscak...')
#1 C:\xampp\htdocs\tubes\tokoku\system\View\View.php(226): CodeIgniter\View\View->render('themes\\lotuscak...', Array, true)
#2 C:\xampp\htdocs\tubes\tokoku\system\Common.php(1089): CodeIgniter\View\View->render('customers/profi...', Array, true)
#3 C:\xampp\htdocs\tubes\tokoku\app\Controllers\Customer_Profile.php(29): view('customers/profi...', Array)
#4 C:\xampp\htdocs\tubes\tokoku\system\CodeIgniter.php(832): App\Controllers\Customer_Profile->index()
#5 C:\xampp\htdocs\tubes\tokoku\system\CodeIgniter.php(419): CodeIgniter\CodeIgniter->runController(Object(App\Controllers\Customer_Profile))
#6 C:\xampp\htdocs\tubes\tokoku\system\CodeIgniter.php(326): CodeIgniter\CodeIgniter->handleRequest(NULL, Object(Config\Cache), false)
#7 C:\xampp\htdocs\tubes\tokoku\public\index.php(37): CodeIgniter\CodeIgniter->run()
#8 C:\xampp\htdocs\tubes\tokoku\system\Commands\Server\rewrite.php(43): require_once('C:\\xampp\\htdocs...')
#9 {main}
CRITICAL - 2022-06-05 04:19:51 --> number_format(): Passing null to parameter #1 ($num) of type float is deprecated
#0 [internal function]: CodeIgniter\Debug\Exceptions->errorHandler(8192, 'number_format()...', 'C:\\xampp\\htdocs...', 29)
#1 C:\xampp\htdocs\tubes\tokoku\app\Helpers\global_helper.php(29): number_format(NULL, 2, ',', '.')
#2 C:\xampp\htdocs\tubes\tokoku\app\Views\admin\orders\orders.php(63): format_rupiah(NULL)
#3 C:\xampp\htdocs\tubes\tokoku\system\View\View.php(210): include('C:\\xampp\\htdocs...')
#4 C:\xampp\htdocs\tubes\tokoku\system\View\View.php(213): CodeIgniter\View\View->CodeIgniter\View\{closure}()
#5 C:\xampp\htdocs\tubes\tokoku\system\Common.php(1089): CodeIgniter\View\View->render('admin/orders/or...', Array, true)
#6 C:\xampp\htdocs\tubes\tokoku\app\Controllers\Admin_Orders.php(31): view('admin/orders/or...', Array)
#7 C:\xampp\htdocs\tubes\tokoku\system\CodeIgniter.php(832): App\Controllers\Admin_Orders->index()
#8 C:\xampp\htdocs\tubes\tokoku\system\CodeIgniter.php(419): CodeIgniter\CodeIgniter->runController(Object(App\Controllers\Admin_Orders))
#9 C:\xampp\htdocs\tubes\tokoku\system\CodeIgniter.php(326): CodeIgniter\CodeIgniter->handleRequest(NULL, Object(Config\Cache), false)
#10 C:\xampp\htdocs\tubes\tokoku\public\index.php(37): CodeIgniter\CodeIgniter->run()
#11 C:\xampp\htdocs\tubes\tokoku\system\Commands\Server\rewrite.php(43): require_once('C:\\xampp\\htdocs...')
#12 {main}
CRITICAL - 2022-06-05 04:21:52 --> number_format(): Passing null to parameter #1 ($num) of type float is deprecated
#0 [internal function]: CodeIgniter\Debug\Exceptions->errorHandler(8192, 'number_format()...', 'C:\\xampp\\htdocs...', 29)
#1 C:\xampp\htdocs\tubes\tokoku\app\Helpers\global_helper.php(29): number_format(NULL, 2, ',', '.')
#2 C:\xampp\htdocs\tubes\tokoku\app\Views\admin\orders\orders.php(63): format_rupiah(NULL)
#3 C:\xampp\htdocs\tubes\tokoku\system\View\View.php(210): include('C:\\xampp\\htdocs...')
#4 C:\xampp\htdocs\tubes\tokoku\system\View\View.php(213): CodeIgniter\View\View->CodeIgniter\View\{closure}()
#5 C:\xampp\htdocs\tubes\tokoku\system\Common.php(1089): CodeIgniter\View\View->render('admin/orders/or...', Array, true)
#6 C:\xampp\htdocs\tubes\tokoku\app\Controllers\Admin_Orders.php(31): view('admin/orders/or...', Array)
#7 C:\xampp\htdocs\tubes\tokoku\system\CodeIgniter.php(832): App\Controllers\Admin_Orders->index()
#8 C:\xampp\htdocs\tubes\tokoku\system\CodeIgniter.php(419): CodeIgniter\CodeIgniter->runController(Object(App\Controllers\Admin_Orders))
#9 C:\xampp\htdocs\tubes\tokoku\system\CodeIgniter.php(326): CodeIgniter\CodeIgniter->handleRequest(NULL, Object(Config\Cache), false)
#10 C:\xampp\htdocs\tubes\tokoku\public\index.php(37): CodeIgniter\CodeIgniter->run()
#11 C:\xampp\htdocs\tubes\tokoku\system\Commands\Server\rewrite.php(43): require_once('C:\\xampp\\htdocs...')
#12 {main}
CRITICAL - 2022-06-05 04:22:38 --> number_format(): Passing null to parameter #1 ($num) of type float is deprecated
#0 [internal function]: CodeIgniter\Debug\Exceptions->errorHandler(8192, 'number_format()...', 'C:\\xampp\\htdocs...', 29)
#1 C:\xampp\htdocs\tubes\tokoku\app\Helpers\global_helper.php(29): number_format(NULL, 2, ',', '.')
#2 C:\xampp\htdocs\tubes\tokoku\app\Views\admin\orders\orders.php(63): format_rupiah(NULL)
#3 C:\xampp\htdocs\tubes\tokoku\system\View\View.php(210): include('C:\\xampp\\htdocs...')
#4 C:\xampp\htdocs\tubes\tokoku\system\View\View.php(213): CodeIgniter\View\View->CodeIgniter\View\{closure}()
#5 C:\xampp\htdocs\tubes\tokoku\system\Common.php(1089): CodeIgniter\View\View->render('admin/orders/or...', Array, true)
#6 C:\xampp\htdocs\tubes\tokoku\app\Controllers\Admin_Orders.php(31): view('admin/orders/or...', Array)
#7 C:\xampp\htdocs\tubes\tokoku\system\CodeIgniter.php(832): App\Controllers\Admin_Orders->index()
#8 C:\xampp\htdocs\tubes\tokoku\system\CodeIgniter.php(419): CodeIgniter\CodeIgniter->runController(Object(App\Controllers\Admin_Orders))
#9 C:\xampp\htdocs\tubes\tokoku\system\CodeIgniter.php(326): CodeIgniter\CodeIgniter->handleRequest(NULL, Object(Config\Cache), false)
#10 C:\xampp\htdocs\tubes\tokoku\public\index.php(37): CodeIgniter\CodeIgniter->run()
#11 C:\xampp\htdocs\tubes\tokoku\system\Commands\Server\rewrite.php(43): require_once('C:\\xampp\\htdocs...')
#12 {main}
CRITICAL - 2022-06-05 04:27:50 --> number_format(): Passing null to parameter #1 ($num) of type float is deprecated
#0 [internal function]: CodeIgniter\Debug\Exceptions->errorHandler(8192, 'number_format()...', 'C:\\xampp\\htdocs...', 29)
#1 C:\xampp\htdocs\tubes\tokoku\app\Helpers\global_helper.php(29): number_format(NULL, 2, ',', '.')
#2 C:\xampp\htdocs\tubes\tokoku\app\Views\admin\orders\orders.php(63): format_rupiah(NULL)
#3 C:\xampp\htdocs\tubes\tokoku\system\View\View.php(210): include('C:\\xampp\\htdocs...')
#4 C:\xampp\htdocs\tubes\tokoku\system\View\View.php(213): CodeIgniter\View\View->CodeIgniter\View\{closure}()
#5 C:\xampp\htdocs\tubes\tokoku\system\Common.php(1089): CodeIgniter\View\View->render('admin/orders/or...', Array, true)
#6 C:\xampp\htdocs\tubes\tokoku\app\Controllers\Admin_Orders.php(31): view('admin/orders/or...', Array)
#7 C:\xampp\htdocs\tubes\tokoku\system\CodeIgniter.php(832): App\Controllers\Admin_Orders->index()
#8 C:\xampp\htdocs\tubes\tokoku\system\CodeIgniter.php(419): CodeIgniter\CodeIgniter->runController(Object(App\Controllers\Admin_Orders))
#9 C:\xampp\htdocs\tubes\tokoku\system\CodeIgniter.php(326): CodeIgniter\CodeIgniter->handleRequest(NULL, Object(Config\Cache), false)
#10 C:\xampp\htdocs\tubes\tokoku\public\index.php(37): CodeIgniter\CodeIgniter->run()
#11 C:\xampp\htdocs\tubes\tokoku\system\Commands\Server\rewrite.php(43): require_once('C:\\xampp\\htdocs...')
#12 {main}
CRITICAL - 2022-06-05 04:32:41 --> number_format(): Passing null to parameter #1 ($num) of type float is deprecated
#0 [internal function]: CodeIgniter\Debug\Exceptions->errorHandler(8192, 'number_format()...', 'C:\\xampp\\htdocs...', 29)
#1 C:\xampp\htdocs\tubes\tokoku\app\Helpers\global_helper.php(29): number_format(NULL, 2, ',', '.')
#2 C:\xampp\htdocs\tubes\tokoku\app\Views\admin\orders\orders.php(63): format_rupiah(NULL)
#3 C:\xampp\htdocs\tubes\tokoku\system\View\View.php(210): include('C:\\xampp\\htdocs...')
#4 C:\xampp\htdocs\tubes\tokoku\system\View\View.php(213): CodeIgniter\View\View->CodeIgniter\View\{closure}()
#5 C:\xampp\htdocs\tubes\tokoku\system\Common.php(1089): CodeIgniter\View\View->render('admin/orders/or...', Array, true)
#6 C:\xampp\htdocs\tubes\tokoku\app\Controllers\Admin_Orders.php(31): view('admin/orders/or...', Array)
#7 C:\xampp\htdocs\tubes\tokoku\system\CodeIgniter.php(832): App\Controllers\Admin_Orders->index()
#8 C:\xampp\htdocs\tubes\tokoku\system\CodeIgniter.php(419): CodeIgniter\CodeIgniter->runController(Object(App\Controllers\Admin_Orders))
#9 C:\xampp\htdocs\tubes\tokoku\system\CodeIgniter.php(326): CodeIgniter\CodeIgniter->handleRequest(NULL, Object(Config\Cache), false)
#10 C:\xampp\htdocs\tubes\tokoku\public\index.php(37): CodeIgniter\CodeIgniter->run()
#11 C:\xampp\htdocs\tubes\tokoku\system\Commands\Server\rewrite.php(43): require_once('C:\\xampp\\htdocs...')
#12 {main}
CRITICAL - 2022-06-05 05:08:13 --> You do not have sufficient permissions to access that page.
#0 C:\xampp\htdocs\tubes\tokoku\system\Filters\Filters.php(173): Myth\Auth\Filters\RoleFilter->before(Object(CodeIgniter\HTTP\IncomingRequest), Array)
#1 C:\xampp\htdocs\tubes\tokoku\system\CodeIgniter.php(393): CodeIgniter\Filters\Filters->run('shop/checkout', 'before')
#2 C:\xampp\htdocs\tubes\tokoku\system\CodeIgniter.php(326): CodeIgniter\CodeIgniter->handleRequest(NULL, Object(Config\Cache), false)
#3 C:\xampp\htdocs\tubes\tokoku\public\index.php(37): CodeIgniter\CodeIgniter->run()
#4 C:\xampp\htdocs\tubes\tokoku\system\Commands\Server\rewrite.php(43): require_once('C:\\xampp\\htdocs...')
#5 {main}
CRITICAL - 2022-06-05 12:42:32 --> foreach() argument must be of type array|object, null given
#0 C:\xampp\htdocs\tubes\tokoku\app\Controllers\Shop.php(82): CodeIgniter\Debug\Exceptions->errorHandler(2, 'foreach() argum...', 'C:\\xampp\\htdocs...', 82)
#1 C:\xampp\htdocs\tubes\tokoku\system\CodeIgniter.php(832): App\Controllers\Shop->checkout()
#2 C:\xampp\htdocs\tubes\tokoku\system\CodeIgniter.php(419): CodeIgniter\CodeIgniter->runController(Object(App\Controllers\Shop))
#3 C:\xampp\htdocs\tubes\tokoku\system\CodeIgniter.php(326): CodeIgniter\CodeIgniter->handleRequest(NULL, Object(Config\Cache), false)
#4 C:\xampp\htdocs\tubes\tokoku\public\index.php(37): CodeIgniter\CodeIgniter->run()
#5 C:\xampp\htdocs\tubes\tokoku\system\Commands\Server\rewrite.php(43): require_once('C:\\xampp\\htdocs...')
#6 {main}
CRITICAL - 2022-06-05 12:42:43 --> foreach() argument must be of type array|object, null given
#0 C:\xampp\htdocs\tubes\tokoku\app\Controllers\Shop.php(82): CodeIgniter\Debug\Exceptions->errorHandler(2, 'foreach() argum...', 'C:\\xampp\\htdocs...', 82)
#1 C:\xampp\htdocs\tubes\tokoku\system\CodeIgniter.php(832): App\Controllers\Shop->checkout()
#2 C:\xampp\htdocs\tubes\tokoku\system\CodeIgniter.php(419): CodeIgniter\CodeIgniter->runController(Object(App\Controllers\Shop))
#3 C:\xampp\htdocs\tubes\tokoku\system\CodeIgniter.php(326): CodeIgniter\CodeIgniter->handleRequest(NULL, Object(Config\Cache), false)
#4 C:\xampp\htdocs\tubes\tokoku\public\index.php(37): CodeIgniter\CodeIgniter->run()
#5 C:\xampp\htdocs\tubes\tokoku\system\Commands\Server\rewrite.php(43): require_once('C:\\xampp\\htdocs...')
#6 {main}
CRITICAL - 2022-06-05 12:45:11 --> foreach() argument must be of type array|object, null given
#0 C:\xampp\htdocs\tubes\tokoku\app\Controllers\Shop.php(82): CodeIgniter\Debug\Exceptions->errorHandler(2, 'foreach() argum...', 'C:\\xampp\\htdocs...', 82)
#1 C:\xampp\htdocs\tubes\tokoku\system\CodeIgniter.php(832): App\Controllers\Shop->checkout()
#2 C:\xampp\htdocs\tubes\tokoku\system\CodeIgniter.php(419): CodeIgniter\CodeIgniter->runController(Object(App\Controllers\Shop))
#3 C:\xampp\htdocs\tubes\tokoku\system\CodeIgniter.php(326): CodeIgniter\CodeIgniter->handleRequest(NULL, Object(Config\Cache), false)
#4 C:\xampp\htdocs\tubes\tokoku\public\index.php(37): CodeIgniter\CodeIgniter->run()
#5 C:\xampp\htdocs\tubes\tokoku\system\Commands\Server\rewrite.php(43): require_once('C:\\xampp\\htdocs...')
#6 {main}
CRITICAL - 2022-06-05 12:45:27 --> foreach() argument must be of type array|object, null given
#0 C:\xampp\htdocs\tubes\tokoku\app\Controllers\Shop.php(82): CodeIgniter\Debug\Exceptions->errorHandler(2, 'foreach() argum...', 'C:\\xampp\\htdocs...', 82)
#1 C:\xampp\htdocs\tubes\tokoku\system\CodeIgniter.php(832): App\Controllers\Shop->checkout()
#2 C:\xampp\htdocs\tubes\tokoku\system\CodeIgniter.php(419): CodeIgniter\CodeIgniter->runController(Object(App\Controllers\Shop))
#3 C:\xampp\htdocs\tubes\tokoku\system\CodeIgniter.php(326): CodeIgniter\CodeIgniter->handleRequest(NULL, Object(Config\Cache), false)
#4 C:\xampp\htdocs\tubes\tokoku\public\index.php(37): CodeIgniter\CodeIgniter->run()
#5 C:\xampp\htdocs\tubes\tokoku\system\Commands\Server\rewrite.php(43): require_once('C:\\xampp\\htdocs...')
#6 {main}
CRITICAL - 2022-06-05 12:49:07 --> foreach() argument must be of type array|object, null given
#0 C:\xampp\htdocs\tubes\tokoku\app\Controllers\Shop.php(82): CodeIgniter\Debug\Exceptions->errorHandler(2, 'foreach() argum...', 'C:\\xampp\\htdocs...', 82)
#1 C:\xampp\htdocs\tubes\tokoku\system\CodeIgniter.php(832): App\Controllers\Shop->checkout()
#2 C:\xampp\htdocs\tubes\tokoku\system\CodeIgniter.php(419): CodeIgniter\CodeIgniter->runController(Object(App\Controllers\Shop))
#3 C:\xampp\htdocs\tubes\tokoku\system\CodeIgniter.php(326): CodeIgniter\CodeIgniter->handleRequest(NULL, Object(Config\Cache), false)
#4 C:\xampp\htdocs\tubes\tokoku\public\index.php(37): CodeIgniter\CodeIgniter->run()
#5 C:\xampp\htdocs\tubes\tokoku\system\Commands\Server\rewrite.php(43): require_once('C:\\xampp\\htdocs...')
#6 {main}
